=== Checkpoint found: bm_analysis_out/figures_update_3/mac_update3_best.rds — loading ===
Active clusters: 0 1 2 3 4 5 6 7 8 9 10 | Cells: 11500 

=== Section 2: Sanity figures ===
  Saved: 00_sanity_*

=== Section 3: Clustering figures ===
Warning message:
In readLines(HIGHLIGHT_F) :
  incomplete final line found on 'bm_analysis_out/figures/highlight_genes.txt'
  Genes: TIMP2, MMP14, PDGFA, FN1, VIM, ESR1, SP1 
  Saved: 01_umap_overview
  Saved: 02_cancer_type_bar_bc_er
  Saved: 03a_feature_plots_highlight
  Saved: 03b_feature_plots_esr1_sp1
  Saved: 03c_dotplot_combined
  Saved: 03b_dotplot_highlight
  Saved: 04_bc_highlight_umap

=== Section 4: DEG + GSEA (Hallmark+C6) + metadata ===
Loading cached DEG ...
  Markers: 10026 
Scale for fill is already present.
Adding another scale for fill, which will replace the existing scale.
Warning message:
In DoHeatmap(s, features = unique(top5$gene), group.by = "mac_subcluster",  :
  The following features were omitted as they were not found in the scale.data layer for the SCT assay: HOXB6, SYNPO, AF233439.1, AIM2
  Saved: 04a_deg_heatmap
  Saved: 04b_deg_dotplot
  Saved: 04c_dotplot_comb_top_clusters
Loading cached GSEA (Hallmark+C6) ...
  GSEA rows: 1494 
  Saved: 05b_gsea_bubble
  Saved: 06_gender_per_cluster 
  Saved: 07_tissue_origin_per_cluster 
  Saved: 08_treatment_per_cluster 

=== Section 5: Broader GSEA ===
Loading cached broader GSEA ...
  Broader GSEA rows: 38872 
Warning message:
In grid.Call.graphics(C_text, as.graphicsAnnot(x$label), x$x, x$y,  :
  for 'Cluster 1 (94.8% BC_ER+) — Hypothesis-Relevant GSEA Pathways' in 'mbcsToSbcs': - substituted for — (U+2014)
Warning message:
In grid.Call.graphics(C_text, as.graphicsAnnot(x$label), x$x, x$y,  :
  for 'Cluster 1 (94.8% BC_ER+) — Hypothesis-Relevant GSEA Pathways' in 'mbcsToSbcs': - substituted for — (U+2014)
  Saved: 05c_cluster1_hypo_gsea + 05c_cluster1_db_gsea

=== Section 6: All-DB stacking ===
Warning message:
In grid.Call.graphics(C_text, as.graphicsAnnot(x$label), x$x, x$y,  :
  for 'GSEA — Top 5 Up/Down per Cluster | All Databases | Deduplicated' in 'mbcsToSbcs': - substituted for — (U+2014)
  Saved: 05e_gsea_alldb_stacking

=== Section 7: Cluster 1 combined GSEA ===
  Terms per hypothesis:
# A tibble: 6 × 2
  hypothesis                     n
  <chr>                      <int>
1 Cytokine / NFkB / JAK-STAT     5
2 ECM remodeling                 1
3 Immunosuppression / T cell     5
4 Macrophage polarization        5
5 TGF-b / EMT                    2
6 Wnt / osteogenic niche         5
Warning message:
Removed 1 row containing missing values or values outside the scale range
(`geom_bar()`). 
Warning message:
Removed 1 row containing missing values or values outside the scale range
(`geom_bar()`). 
  Saved: 05f_cl1_combined_nofacet

=== Section 8: Save GSEA selections ===
  slide12 rows: 107 | slide14 rows: 23

===== pipeline_update3.R complete =====
All figures in: bm_analysis_out/figures_update_3 
Run build_slides.py to generate the pptx
