Loading mac_update3_best.rds ...
  Cells: 11500 | Clusters: 11 
Loading MSigDB gene sets ...
Warning messages:
1: The `category` argument of `msigdbr()` is deprecated as of msigdbr 10.0.0.
ℹ Please use the `collection` argument instead. 
2: The `subcategory` argument of `msigdbr()` is deprecated as of msigdbr 10.0.0.
ℹ Please use the `subcollection` argument instead. 
  Gene sets: 14488 

=== Section 2: BC mac vs Other mac (DEG + GSEA) ===
  BC_mac: 3102 | Other_mac: 8360 
  FindMarkers (BC_mac vs Other_mac) ...
  DEG rows: 5501 
  Running GSEA ...
Warning message:
In preparePathwaysAndStats(pathways, stats, minSize, maxSize, gseaParam,  :
  There are ties in the preranked stats (0.18% of the list).
The order of those tied genes will be arbitrary, which may produce unexpected results.
  GSEA rows: 14007 | sig (padj<0.05): 199 
  Saved: 10_bc_vs_other_volcano 
  Saved: 11_bc_vs_other_gsea 
Warning message:
In grid.Call.graphics(C_text, as.graphicsAnnot(x$label), x$x, x$y,  :
  for 'BC vs Other Mac — Top Pathways (GSEA)' in 'mbcsToSbcs': - substituted for — (U+2014)
Warning: Scaling data with a low number of groups may produce misleading results
Scale for colour is already present.
Adding another scale for colour, which will replace the existing scale.
  Saved: 12_bc_vs_other_dotplot 
Warning message:
Removing 38 cells missing data for vars requested 

=== Section 3: BC ER+ vs BC ER- macrophages (DEG + GSEA) ===
  BC_ER+: 2783 | BC_ER-: 39 
  FindMarkers (BC_ER+ vs BC_ER-) ...
  DEG rows: 7139 
  Running GSEA ...
Warning messages:
1: In preparePathwaysAndStats(pathways, stats, minSize, maxSize, gseaParam,  :
  There are ties in the preranked stats (0.04% of the list).
The order of those tied genes will be arbitrary, which may produce unexpected results.
2: In fgseaMultilevel(pathways = pathways, stats = stats, minSize = minSize,  :
  There were 6 pathways for which P-values were not calculated properly due to unbalanced (positive and negative) gene-level statistic values. For such pathways pval, padj, NES, log2err are set to NA. You can try to increase the value of the argument nPermSimple (for example set it nPermSimple = 10000)
  GSEA rows: 14175 | sig (padj<0.05): 78 
  Saved: 13_erpos_vs_erneg_volcano 
  Saved: 14_erpos_vs_erneg_gsea 
Warning message:
In grid.Call.graphics(C_text, as.graphicsAnnot(x$label), x$x, x$y,  :
  for 'BC ER+ vs ER- Mac — Top Pathways (GSEA)' in 'mbcsToSbcs': - substituted for — (U+2014)
Warning: Scaling data with a low number of groups may produce misleading results
Scale for colour is already present.
Adding another scale for colour, which will replace the existing scale.
  Saved: 15_erpos_vs_erneg_dotplot 
Warning messages:
1: No shared levels found between `names(values)` of the manual scale and the
data's fill values. 
2: No shared levels found between `names(values)` of the manual scale and the
data's fill values. 

=== Section 4: 4-group metadata ===
  Mac group4 distribution:

   BC_mac Other_mac      <NA> 
     3102      8360        38 
  Saved: 16_group4_mac_per_cluster 
  T_cell.rds not yet available — T cell groups (BC_Tcell/Other_Tcell) will be
  added on next run after download_tcell.sh completes.
  Saved: mac_update4_group4.rds

=== Section 5: Export BC macrophages for SpaTrack ===
  BC macrophages: 3102 
  Cluster distribution:

   1    5    2    0    6    7    8    9    3    4 
1798  356  285  269  148  102   60   57   25    2 
  Start cluster (most Mono-like): 5 
  Exported to: bm_analysis_out/spatrack 
  Files: umap.csv, pca.csv, metadata.csv, counts.mtx, genes.txt, barcodes.txt, start_cluster.txt
  Next: conda run -n scanpy_stable python spatrack_bc_mac.py

===== analysis_update4.R complete =====
All figures in: bm_analysis_out/figures_update_4 
NOTE: T_cell.rds not yet present — re-run after download_tcell.sh
      completes to add BC_Tcell/Other_Tcell groups (Section 4).
