Loading required package: SeuratObject
Loading required package: sp

Attaching package: ‘SeuratObject’

The following objects are masked from ‘package:base’:

    intersect, t


Attaching package: ‘dplyr’

The following objects are masked from ‘package:stats’:

    filter, lag

The following objects are masked from ‘package:base’:

    intersect, setdiff, setequal, union


[1/4] Loading full dataset...
Reading matrix: ipf/Habermann2020/GSE135893_matrix.mtx.gz 
Reading metadata: ipf/Habermann2020/GSE135893_IPF_metadata.csv.gz 
Cells — matrix: 220213 | metadata: 114396 | shared: 114396 
Warning: Feature names cannot have underscores ('_'), replacing with dashes ('-')
Warning: Data is of class dgTMatrix. Coercing to dgCMatrix.
═══════════════════════════════════════
Dims    : 33694 genes × 114396 cells
Assays  : RNA 
Meta    : orig.ident, nCount_RNA, nFeature_RNA, Diagnosis, Sample_Name, Sample_Source, Status, percent.mt, nCount_SCT, nFeature_SCT, seurat_clusters, population, celltype 

── Cell types ──

                   Macrophages                       Ciliated 
                         38928                          14671 
                           AT2              Endothelial Cells 
                          9311                           9243 
                     Monocytes                        T Cells 
                          6765                           6703 
                      SCGB3A2+                         MUC5B+ 
                          3220                           2433 
                      NK Cells                           cDCs 
                          2322                           2132 
                         Basal                 Myofibroblasts 
                          2058                           1712 
     Proliferating Macrophages              SCGB3A2+ SCGB1A1+ 
                          1563                           1410 
           Smooth Muscle Cells       Differentiating Ciliated 
                          1394                           1362 
            PLIN2+ Fibroblasts    Lymphatic Endothelial Cells 
                          1287                           1203 
              Transitional AT2                        B Cells 
                          1160                            997 
                           AT1                     Mast Cells 
                           771                            701 
                  Plasma Cells          Proliferating T Cells 
                           604                            490 
                  KRT5-/KRT17+                    Fibroblasts 
                           485                            427 
Proliferating Epithelial Cells              Mesothelial Cells 
                           341                            233 
                          pDCs          HAS1 High Fibroblasts 
                           188                            179 
                  MUC5AC+ High 
                           103 

── Groups ──

        cHP     Control         ILD         IPF        NSIP Sarcoidosis 
       7535       31644        4006       57682        8638        4891 

── Celltype × Group ──
                                
                                   cHP Control   ILD   IPF  NSIP Sarcoidosis
  AT1                               15     472     3    96   158          27
  AT2                              382    4393   498  3225   299         514
  B Cells                           13     140     4   550   284           6
  Basal                            107      65    37  1786    61           2
  cDCs                             224     151   154  1061   373         169
  Ciliated                         424    2119    26 11857   169          76
  Differentiating Ciliated          54     226     5  1057     8          12
  Endothelial Cells                694    2761   290  3496  1205         797
  Fibroblasts                      102     140     3   152    19          11
  HAS1 High Fibroblasts              0       0     0   179     0           0
  KRT5-/KRT17+                      62      13    26   374     1           9
  Lymphatic Endothelial Cells       68     395     4   584    80          72
  Macrophages                     3492   12004  1827 16507  3299        1799
  Mast Cells                         6     254    36   360    10          35
  Mesothelial Cells                  7      35    15   137    11          28
  Monocytes                        257    2854   674  2113   354         513
  MUC5AC+ High                       1      20     0    75     7           0
  MUC5B+                           112     281    55  1940    42           3
  Myofibroblasts                   367     196    45   813   237          54
  NK Cells                          74     712     7   957   383         189
  pDCs                              19      17     3   109    27          13
  Plasma Cells                      45     238     2   265    45           9
  PLIN2+ Fibroblasts                 6       6     3  1167    98           7
  Proliferating Epithelial Cells    20      79     4   222     9           7
  Proliferating Macrophages        293     200    53   813   188          16
  Proliferating T Cells             22     301     2   132    11          22
  SCGB3A2+                         145      97   108  2824    20          26
  SCGB3A2+ SCGB1A1+                 34     222    27   854    58         215
  Smooth Muscle Cells              102     188    27   567   435          75
  T Cells                          304    2622    46  2829   726         176
  Transitional AT2                  84     443    22   581    21           9

═══════════════════════════════════════

[2/4] Normalizing...
Normalizing layer: counts
Performing log-normalization
0%   10   20   30   40   50   60   70   80   90   100%
[----|----|----|----|----|----|----|----|----|----|
**************************************************|

[3/4] Creating subsets...
Subset: Myofibroblasts + Fibroblasts + PLIN2+ Fibroblasts + HAS1 High Fibroblasts — Control: 342 | IPF: 2311 
Subset: Fibroblasts — Control: 140 | IPF: 152 
Subset: Myofibroblasts — Control: 196 | IPF: 813 

[4/4] Caching subsets...
           used  (Mb) gc trigger    (Mb)   max used    (Mb)
Ncells  3565451 190.5    6637472   354.5    6637472   354.5
Vcells 32578377 248.6 1698102478 12955.5 2029810628 15486.3
Using  : MFAP5, TIMP1 
Saved: v2_fig1_all_fibro_clusters .pdf + .tiff
Warning message:
In grid.Call.graphics(C_text, as.graphicsAnnot(x$label), x$x, x$y,  :
  for 'All fibroblast clusters — IPF vs Control (Habermann 2020)' in 'mbcsToSbcs': - substituted for — (U+2014)
Saved: v2_fig2_fibroblasts_only .pdf + .tiff
Warning message:
In grid.Call.graphics(C_text, as.graphicsAnnot(x$label), x$x, x$y,  :
  for 'Fibroblasts — IPF vs Control (Habermann 2020)' in 'mbcsToSbcs': - substituted for — (U+2014)
Saved: v2_fig3_myofibroblasts_only .pdf + .tiff
Warning message:
In grid.Call.graphics(C_text, as.graphicsAnnot(x$label), x$x, x$y,  :
  for 'Myofibroblasts — IPF vs Control (Habermann 2020)' in 'mbcsToSbcs': - substituted for — (U+2014)

Top 20 upregulated in IPF myofibroblasts (padj < 0.05):
                p_val avg_log2FC pct.1 pct.2    p_val_adj
DIO2     2.639499e-12   6.713769 0.218 0.005 8.893529e-08
CST2     1.387707e-06   4.399381 0.144 0.020 4.675740e-02
ENTPD1   2.456178e-11   4.095431 0.240 0.031 8.275847e-07
CXCL14   2.304548e-12   3.993093 0.283 0.046 7.764943e-08
PALMD    1.080629e-06   3.210823 0.132 0.010 3.641071e-02
WNT5A    3.044994e-07   3.105928 0.159 0.020 1.025980e-02
NTM      3.095357e-08   2.767798 0.193 0.031 1.042950e-03
IGFBP2   3.044106e-11   2.746434 0.338 0.107 1.025681e-06
SCGB3A2  5.996873e-14   2.732329 0.379 0.102 2.020586e-09
COL14A1  1.644900e-27   2.700473 0.653 0.265 5.542325e-23
INHBA    3.220017e-08   2.671395 0.234 0.061 1.084953e-03
COMP     4.732624e-12   2.584507 0.285 0.046 1.594610e-07
THY1     7.212604e-30   2.582130 0.657 0.245 2.430215e-25
SFRP2    3.993929e-16   2.556478 0.478 0.163 1.345714e-11
IGFBP4   3.252659e-37   2.479771 0.798 0.342 1.095951e-32
SERPINA1 1.854599e-07   2.361846 0.235 0.071 6.248884e-03
ITIH5    3.159727e-17   2.338340 0.469 0.143 1.064639e-12
COL15A1  4.439614e-16   2.227198 0.435 0.117 1.495884e-11
FHL2     8.826998e-11   2.175737 0.400 0.179 2.974169e-06
IL32     2.022727e-16   2.159855 0.510 0.199 6.815376e-12

Done. All outputs in: ipf/figures_Habermann2020 
