Loading required package: SeuratObject
Loading required package: sp

Attaching package: ‘SeuratObject’

The following objects are masked from ‘package:base’:

    intersect, t


Attaching package: ‘dplyr’

The following objects are masked from ‘package:stats’:

    filter, lag

The following objects are masked from ‘package:base’:

    intersect, setdiff, setequal, union


Attaching package: ‘tidyr’

The following objects are masked from ‘package:Matrix’:

    expand, pack, unpack


Attaching package: ‘rstatix’

The following object is masked from ‘package:stats’:

    filter

Loading cached subsets...
Using  : MFAP5, TIMP1 
Saved: v3_violin_Myo_Fib.pdf 
Saved: v3_boxplot_Myo_Fib.pdf 
Saved: v3_violin_allcelltypes.pdf 
Saved: v3_boxplot_allcelltypes.pdf 

Done. All figures in: ipf/figures/Habermann2020 
